running updateProducts process
Retrived products: 478
Found 311 active products
Wrote products to productsDB



running embedProducts Process
Read 311 products from productsDB
Saved embeddings of size (311, 384) to data/embeddings.npy



running updateProducts process
Retrived products: 478
Found 311 active products
Wrote products to productsDB



running embedProducts Process
Read 311 products from productsDB
Saved embeddings of size (311, 384) to data/embeddings.npy



running updateProducts process
Retrived products: 478
Found 311 active products
Wrote products to productsDB



running embedProducts Process
Read 311 products from productsDB
Saved embeddings of size (311, 384) to data/embeddings.npy



Running updateProductColors process
Retrieved 478 products
read 0 existing product names
Akatsuki doesnt exist in dir
Albert Einstein doesnt exist in dir
APE doesnt exist in dir
AREA 51 doesnt exist in dir
ASSC doesnt exist in dir
ASSC doesnt exist in dir
AssHole doesnt exist in dir
Astroworld doesnt exist in dir
Avatar doesnt exist in dir
Avocado doesnt exist in dir
Avocado doesnt exist in dir
Avocado 🥑 doesnt exist in dir
Baby Yoda doesnt exist in dir
Back to the 90’s doesnt exist in dir
BAPE doesnt exist in dir
BAPE doesnt exist in dir
Baron Cat doesnt exist in dir
baron cat xs doesnt exist in dir
Bart Simpson doesnt exist in dir
Batman and Robin doesnt exist in dir
Be like Pandaa doesnt exist in dir
Beatles Pepperland doesnt exist in dir
Beige Fuzzy doesnt exist in dir
Birth of Venus doesnt exist in dir
BITCH doesnt exist in dir
Bitch Please i am cat doesnt exist in dir
Bitch Please i am cat doesnt exist in dir
Black Flame doesnt exist in dir
Black Sushi doesnt exist in dir
Black Vintage Lining doesnt exist in dir
Black X Yellow Flame doesnt exist in dir
Bloody Hands doesnt exist in dir
Blue Fuzzy doesnt exist in dir
Blue x Green Nike doesnt exist in dir
Bonne Maison Art doesnt exist in dir
Bonne Maison Art doesnt exist in dir
Bonne Maison Art doesnt exist in dir
BONNE MAISON ART doesnt exist in dir
Bonne Maison Art doesnt exist in dir
Bonne Maison Art doesnt exist in dir
Bonne Maison Faces Art doesnt exist in dir
Bonne Maison Nude Art doesnt exist in dir
Bonne Maison Nude Art doesnt exist in dir
Bonne Maison Nude Art doesnt exist in dir
Bowling doesnt exist in dir
Brown David Statue doesnt exist in dir
Brown Fuzzy doesnt exist in dir
Brownie Lucia doesnt exist in dir
Budapest doesnt exist in dir
Bugs Bunny doesnt exist in dir
Bugs Bunny doesnt exist in dir
Bugs Bunny doesnt exist in dir
Burger &Coca-Cola doesnt exist in dir
BURGER x HOTDOG doesnt exist in dir
Buzzed out Alien doesnt exist in dir
Cactus Jack doesnt exist in dir
Cactus Jack doesnt exist in dir
Cactus Jack doesnt exist in dir
Calabasas Yeezy doesnt exist in dir
Calabasas Yeezy doesnt exist in dir
Cap’n Crunch doesnt exist in dir
Chao doesnt exist in dir
Checkered doesnt exist in dir
Checkered doesnt exist in dir
Checkered doesnt exist in dir
Checkered doesnt exist in dir
Checkmate doesnt exist in dir
Cherry doesnt exist in dir
Chicken & Beer doesnt exist in dir
Christmas doesnt exist in dir
Christmas doesnt exist in dir
Christmas doesnt exist in dir
Christmas doesnt exist in dir
Chucky doesnt exist in dir
Colorado doesnt exist in dir
Cookies doesnt exist in dir
Coral doesnt exist in dir
Corona? doesnt exist in dir
Corpse Bride doesnt exist in dir
Couple Hand Holding Socks doesnt exist in dir
Crocodile doesnt exist in dir
Crocodile doesnt exist in dir
Crush doesnt exist in dir
Cupid doesnt exist in dir
DAMAHOOU doesnt exist in dir
Dancing Lemon doesnt exist in dir
Dark Grey Fuzzy doesnt exist in dir
David Portrait doesnt exist in dir
David statue doesnt exist in dir
Dbz doesnt exist in dir
Dbz doesnt exist in dir
Dbz doesnt exist in dir
Dbz doesnt exist in dir
Death by Decaf doesnt exist in dir
Deep Blue Vintage Lining doesnt exist in dir
Demon Slayer doesnt exist in dir
Demon Slayer-Nezuko doesnt exist in dir
DEMON SLAYER-NEZUKO doesnt exist in dir
Dizzy doesnt exist in dir
Dolphin doesnt exist in dir
Donald doesnt exist in dir
Dont Follow Me ( I am lost too) doesnt exist in dir
Donut doesnt exist in dir
Dracarys “Game of Thrones” doesnt exist in dir
EGG doesnt exist in dir
Egypt doesnt exist in dir
ELIZA&DONNIE MISMATCH PAIR doesnt exist in dir
Embroidered beauty doesnt exist in dir
Ernie The Giant Chicken doesnt exist in dir
ESSENTIALS doesnt exist in dir
ESSENTIALS doesnt exist in dir
ESSENTIALS doesnt exist in dir
ESSENTIALS doesnt exist in dir
Essentials Black doesnt exist in dir
Essentials Brown doesnt exist in dir
Essentials Grey doesnt exist in dir
Essentials White doesnt exist in dir
Everyones a Gangsta doesnt exist in dir
Expression doesnt exist in dir
Eyes On You doesnt exist in dir
Fendi Tshirt doesnt exist in dir
Fendi Tshirt doesnt exist in dir
Fendi Tshirt doesnt exist in dir
Flame doesnt exist in dir
Flame doesnt exist in dir
Flame doesnt exist in dir
Flame doesnt exist in dir
Formula 1 doesnt exist in dir
Freedom doesnt exist in dir
Frosted Blue Nike Tie-Dye doesnt exist in dir
Fuck OFF doesnt exist in dir
Giraffe In Paris doesnt exist in dir
GO AWAY doesnt exist in dir
Go Bananananaa doesnt exist in dir
Goku doesnt exist in dir
GOLF doesnt exist in dir
Green Dog doesnt exist in dir
Grey Fuzzy doesnt exist in dir
Gucci doesnt exist in dir
Gucci Shirt doesnt exist in dir
GUESS Eco Gemma Crossbody Camera doesnt exist in dir
Halloween doesnt exist in dir
Harry Potter (Dobby Is Free) doesnt exist in dir
Harry Potter Hogwarts Crest doesnt exist in dir
Have Nice Day doesnt exist in dir
Heart Mismatch doesnt exist in dir
HillWood Boys doesnt exist in dir
Hot Wheels doesnt exist in dir
I am Old Now doesnt exist in dir
I cry doesnt exist in dir
I dont give a fuck doesnt exist in dir
I love my asshole kids doesnt exist in dir
I Shy doesnt exist in dir
Idk doesnt exist in dir
IF YOU CAN READ THIS doesnt exist in dir
Itachi doesnt exist in dir
Johannes Vermeer : Girl with a pearl earing doesnt exist in dir
Khaki Checkered doesnt exist in dir
King Of The Hill 1977 doesnt exist in dir
Klimts Kiss doesnt exist in dir
Korean BBQ doesnt exist in dir
Krusty Burger doesnt exist in dir
Lazy cat doesnt exist in dir
Leaf doesnt exist in dir
Let me 💤 doesnt exist in dir
Lets Fly Up doesnt exist in dir
Light Brown Fuzzy doesnt exist in dir
Lightning doesnt exist in dir
Lightning Thunder doesnt exist in dir
Looney Tunes doesnt exist in dir
LooneyTunes Mismatch doesnt exist in dir
Luncheon on the Grass doesnt exist in dir
Man’s best friend doesnt exist in dir
Marc Chagall - i and the village doesnt exist in dir
Maroon Red doesnt exist in dir
Michael Jackson doesnt exist in dir
Middle Finger doesnt exist in dir
Minions doesnt exist in dir
Minions doesnt exist in dir
Mismatch Drink&Fries doesnt exist in dir
MOE’S doesnt exist in dir
Mona Lisa doesnt exist in dir
Movie Time doesnt exist in dir
Mystery Sock Box doesnt exist in dir
Narcos Theme doesnt exist in dir
Narcos Theme doesnt exist in dir
Naruto doesnt exist in dir
Nefertiti Queen doesnt exist in dir
Nefertiti Queen doesnt exist in dir
Nightmare before Christmas doesnt exist in dir
Nike doesnt exist in dir
Nike doesnt exist in dir
Nike doesnt exist in dir
Nike Baby Pink doesnt exist in dir
Nike Black doesnt exist in dir
Nike Bright Yellow doesnt exist in dir
Nike Grey doesnt exist in dir
Nike Light Green doesnt exist in dir
Nike Lilac Purple doesnt exist in dir
Nike No Show doesnt exist in dir
Nike Pink doesnt exist in dir
Nike Pumpkin Orange doesnt exist in dir
Nike Red Pink doesnt exist in dir
Nike Socks doesnt exist in dir
Nike Tie-Dye B&W doesnt exist in dir
NIKE TIE-DYE BLUE doesnt exist in dir
Nike Tie-Dye Lavender doesnt exist in dir
Nike Tie-Dye Orange doesnt exist in dir
Nike Tie-Dye Yellow doesnt exist in dir
Nike White doesnt exist in dir
Ninja Turtles doesnt exist in dir
NO Drama Please doesnt exist in dir
No You doesnt exist in dir
Nostalgic Art Pair doesnt exist in dir
Nostalgic Funk Art doesnt exist in dir
Nude Art doesnt exist in dir
Nude Portrait doesnt exist in dir
Oak Brown Nike Tie-Dye doesnt exist in dir
OCEAN BLUE doesnt exist in dir
Off White Inspired doesnt exist in dir
OFF-WHITE INSPIRED doesnt exist in dir
Ok Expression doesnt exist in dir
One Piece doesnt exist in dir
Open your eyes doesnt exist in dir
Orange doesnt exist in dir
Oreo doesnt exist in dir
OSCAR THE GROUCH doesnt exist in dir
Oyster doesnt exist in dir
Palm Tree doesnt exist in dir
Pineapple Oasis doesnt exist in dir
PINK PANTHER doesnt exist in dir
Pissed Alien doesnt exist in dir
Pizzzaaa doesnt exist in dir
Plankton SpongeBob doesnt exist in dir
Poached Egg doesnt exist in dir
Poached Egg doesnt exist in dir
Polka doesnt exist in dir
Popeye doesnt exist in dir
Popeye doesnt exist in dir
Powerpuff girls doesnt exist in dir
Prada Tshirt doesnt exist in dir
Pug doesnt exist in dir
Purple Checkered doesnt exist in dir
Purple Lemon doesnt exist in dir
PurplexYellow Checkered doesnt exist in dir
Ralph Lauren doesnt exist in dir
Ren & Stimpy doesnt exist in dir
Ren & Stimpy doesnt exist in dir
Rick & Morty doesnt exist in dir
Rick & Morty doesnt exist in dir
Halloween doesnt exist in dir
Christmas doesnt exist in dir
Embroidered beauty doesnt exist in dir
David Portrait doesnt exist in dir
Lets Fly Up doesnt exist in dir
Donald doesnt exist in dir
Eyes On You doesnt exist in dir
Dont Follow Me ( I am lost too) doesnt exist in dir
The Guitarist doesnt exist in dir
Birth of Venus doesnt exist in dir
Spongebob doesnt exist in dir
Suit up doesnt exist in dir
Idk doesnt exist in dir
Rick & Morty doesnt exist in dir
David statue doesnt exist in dir
Wheat Field With Cypresses doesnt exist in dir
Black Flame doesnt exist in dir
Klimts Kiss doesnt exist in dir
Lightning Thunder doesnt exist in dir
NO Drama Please doesnt exist in dir
Pineapple Oasis doesnt exist in dir
Seeking Paradise doesnt exist in dir
Brown David Statue doesnt exist in dir
Essentials White doesnt exist in dir
Essentials Grey doesnt exist in dir
Essentials Brown doesnt exist in dir
Essentials Black doesnt exist in dir
Sakura Pink Nike Tie-Dye doesnt exist in dir
Oak Brown Nike Tie-Dye doesnt exist in dir
Frosted Blue Nike Tie-Dye doesnt exist in dir
Wtf doesnt exist in dir
baron cat xs doesnt exist in dir
Be like Pandaa doesnt exist in dir
Akatsuki doesnt exist in dir
Buzzed out Alien doesnt exist in dir
Nike Lilac Purple doesnt exist in dir
Blue x Green Nike doesnt exist in dir
Orange doesnt exist in dir
Itachi doesnt exist in dir
Checkered doesnt exist in dir
I cry doesnt exist in dir
Solid Beige doesnt exist in dir
Gucci doesnt exist in dir
Mystery Sock Box doesnt exist in dir
Checkmate doesnt exist in dir
Polka doesnt exist in dir
Poached Egg doesnt exist in dir
Colorado doesnt exist in dir
Texas Vibes doesnt exist in dir
Ralph Lauren doesnt exist in dir
Let me 💤 doesnt exist in dir
Solid Black doesnt exist in dir
Maroon Red doesnt exist in dir
OCEAN BLUE doesnt exist in dir
Death by Decaf doesnt exist in dir
Off White Inspired doesnt exist in dir
Crush doesnt exist in dir
Expression doesnt exist in dir
Thrasher doesnt exist in dir
Snoopy doesnt exist in dir
Simpsons doesnt exist in dir
Nike Pumpkin Orange doesnt exist in dir
Nike Baby Pink doesnt exist in dir
Nike Black doesnt exist in dir
Flame doesnt exist in dir
Rick & Morty doesnt exist in dir
Nostalgic Art Pair doesnt exist in dir
ZORKÈT SOLID WHITE doesnt exist in dir
SOLID BLACK doesnt exist in dir
SOLID BLACK ANKLE doesnt exist in dir
Fendi Tshirt doesnt exist in dir
Fendi Tshirt doesnt exist in dir
Prada Tshirt doesnt exist in dir
Fendi Tshirt doesnt exist in dir
Gucci Shirt doesnt exist in dir
Travis Scott Cactus Jack doesnt exist in dir
Travis Scott Cactus Jack doesnt exist in dir
Spongebob doesnt exist in dir
Simpsons (Limited Edition) doesnt exist in dir
Nike Tie-Dye Orange doesnt exist in dir
Nike Tie-Dye Lavender doesnt exist in dir
Starry Night : VAN GOGH doesnt exist in dir
AssHole doesnt exist in dir
Van Gogh doesnt exist in dir
Flame doesnt exist in dir
Vans doesnt exist in dir
Vans doesnt exist in dir
Khaki Checkered doesnt exist in dir
PurplexYellow Checkered doesnt exist in dir
Purple Checkered doesnt exist in dir
Purple Lemon doesnt exist in dir
Donut doesnt exist in dir
Black Vintage Lining doesnt exist in dir
Deep Blue Vintage Lining doesnt exist in dir
ESSENTIALS doesnt exist in dir
ESSENTIALS doesnt exist in dir
ESSENTIALS doesnt exist in dir
Checkered doesnt exist in dir
Nefertiti Queen doesnt exist in dir
Rick Griffin doesnt exist in dir
Beatles Pepperland doesnt exist in dir
Back to the 90’s doesnt exist in dir
I love my asshole kids doesnt exist in dir
Batman and Robin doesnt exist in dir
Tommy and Chuckie doesnt exist in dir
Van Gogh doesnt exist in dir
Ren & Stimpy doesnt exist in dir
Calabasas Yeezy doesnt exist in dir
Spicy doesnt exist in dir
Chao doesnt exist in dir
Couple Hand Holding Socks doesnt exist in dir
Flame doesnt exist in dir
The Rolling Stones doesnt exist in dir
Nike Socks doesnt exist in dir
Calabasas Yeezy doesnt exist in dir
Narcos Theme doesnt exist in dir
Narcos Theme doesnt exist in dir
RICK&MORTY doesnt exist in dir
RICK&MORTY doesnt exist in dir
RICK&MORTY doesnt exist in dir
Egypt doesnt exist in dir
Sand doesnt exist in dir
Pug doesnt exist in dir
Harry Potter Hogwarts Crest doesnt exist in dir
Movie Time doesnt exist in dir
Palm Tree doesnt exist in dir
Stone Grey doesnt exist in dir
I Shy doesnt exist in dir
Nike doesnt exist in dir
Nike doesnt exist in dir
Nike doesnt exist in dir
Avocado doesnt exist in dir
Van Gogh Leon doesnt exist in dir
Van Gogh doesnt exist in dir
Bitch Please i am cat doesnt exist in dir
STREET WEAR doesnt exist in dir
Freedom doesnt exist in dir
Vintage Lining doesnt exist in dir
I am Old Now doesnt exist in dir
Poached Egg doesnt exist in dir
Leaf doesnt exist in dir
Suneo : Doraemon doesnt exist in dir
Pissed Alien doesnt exist in dir
Bonne Maison Art doesnt exist in dir
Bonne Maison Nude Art doesnt exist in dir
Giraffe In Paris doesnt exist in dir
Bonne Maison Faces Art doesnt exist in dir
Bonne Maison Art doesnt exist in dir
Minions doesnt exist in dir
Flame doesnt exist in dir
Spooky Season doesnt exist in dir
Bloody Hands doesnt exist in dir
King Of The Hill 1977 doesnt exist in dir
AREA 51 doesnt exist in dir
SpongeBob Underwater doesnt exist in dir
Naruto doesnt exist in dir
Dbz doesnt exist in dir
Cap’n Crunch doesnt exist in dir
Powerpuff girls doesnt exist in dir
Bugs Bunny doesnt exist in dir
Minions doesnt exist in dir
Michael Jackson doesnt exist in dir
Avatar doesnt exist in dir
Dbz doesnt exist in dir
One Piece doesnt exist in dir
UNDERTAKER doesnt exist in dir
The Wild Thornberrys doesnt exist in dir
Popeye doesnt exist in dir
Tom and jerry doesnt exist in dir
Tom and jerry doesnt exist in dir
Tom and jerry doesnt exist in dir
Shinchan doesnt exist in dir
Oyster doesnt exist in dir
Van Gogh doesnt exist in dir
Zebra doesnt exist in dir
Formula 1 doesnt exist in dir
Christmas doesnt exist in dir
Taco doesnt exist in dir
Marc Chagall - i and the village doesnt exist in dir
Dbz doesnt exist in dir
Ren & Stimpy doesnt exist in dir
Johannes Vermeer : Girl with a pearl earing doesnt exist in dir
Nike Tie-Dye Yellow doesnt exist in dir
NIKE TIE-DYE BLUE doesnt exist in dir
Luncheon on the Grass doesnt exist in dir
Cupid doesnt exist in dir
Avocado doesnt exist in dir
EGG doesnt exist in dir
Bowling doesnt exist in dir
Bugs Bunny doesnt exist in dir
Bonne Maison Art doesnt exist in dir
Bonne Maison Nude Art doesnt exist in dir
BONNE MAISON ART doesnt exist in dir
Starry Night : Oil Paint doesnt exist in dir
PINK PANTHER doesnt exist in dir
Bonne Maison Art doesnt exist in dir
Bonne Maison Art doesnt exist in dir
No You doesnt exist in dir
HillWood Boys doesnt exist in dir
Travis Scott Cactus Jack doesnt exist in dir
BAPE doesnt exist in dir
BAPE doesnt exist in dir
ASSC doesnt exist in dir
ASSC doesnt exist in dir
White X Red Flame doesnt exist in dir
Black X Yellow Flame doesnt exist in dir
GOLF doesnt exist in dir
Cactus Jack doesnt exist in dir
Cactus Jack doesnt exist in dir
Cactus Jack doesnt exist in dir
Avocado 🥑 doesnt exist in dir
Nike Pink doesnt exist in dir
Nike Light Green doesnt exist in dir
Nike Grey doesnt exist in dir
Nike Red Pink doesnt exist in dir
Blue Fuzzy doesnt exist in dir
Beige Fuzzy doesnt exist in dir
Brown Fuzzy doesnt exist in dir
Wine Red Fuzzy doesnt exist in dir
Grey Fuzzy doesnt exist in dir
Woollen Brown Cozy doesnt exist in dir
Woollen Beige Cozy doesnt exist in dir
Woollen Khaki Cozy doesnt exist in dir
Light Brown Fuzzy doesnt exist in dir
Dark Grey Fuzzy doesnt exist in dir
Valentine's Gift Bag of 3 Mystery Socks doesnt exist in dir
Valentine's Bag full of 10 Mystery Socks doesnt exist in dir
Valentine's Mystery Mismatch Socks for Two doesnt exist in dir



